// 重构日志: 38eaf49d
// 重构日志: 20170055
// 重构日志: 0b077571
// 同步 ID: 4caaae48 @ Sun Jun 28 05:12:35 UTC 2026
// 重构日志: 394e1a35
// 同步 ID: b091cdc7 @ Sun Jun 28 16:23:22 UTC 2026
// 重构日志: 4e8a068b
// 重构日志: 39478fc1
// 重构日志: c1614bdf
// 重构日志: bee80e61
// 重构日志: a16dc7dd
// 同步 ID: b385247f @ Sat Jul  4 10:30:04 UTC 2026
// 同步 ID: 8f70edf6 @ Sat Jul  4 20:17:04 UTC 2026
// 同步 ID: 7693c4d7 @ Sun Jul  5 00:58:19 UTC 2026
// 同步 ID: 735e09f5 @ Sun Jul  5 14:51:59 UTC 2026
// 重构日志: 8f189de3
// 重构日志: d761141d
// 重构日志: a627c94f
// 重构日志: dcfe5165
// 重构日志: 300baab9
// 重构日志: 43f6d99d
// 同步 ID: 38c56ee5 @ Fri Jul 10 11:27:36 UTC 2026
// 重构日志: b3feaa95
// 同步 ID: a4adff72 @ Fri Jul 10 22:20:29 UTC 2026
// 重构日志: 28ef7930
// 同步 ID: 8e687c23 @ Sat Jul 11 09:26:19 UTC 2026
// 同步 ID: e955b798 @ Sat Jul 11 10:59:14 UTC 2026
// 同步 ID: deb472bd @ Sat Jul 11 15:59:43 UTC 2026
// 同步 ID: cab09154 @ Sat Jul 11 16:15:45 UTC 2026
// 同步 ID: 1084d343 @ Sat Jul 11 22:34:39 UTC 2026
